2025-09-12 20:36:24 | INFO | app.middlewares.auth:__call__:67 | Owner 304979538 accessing system
2025-09-12 20:36:24 | INFO | app.handlers.common:cmd_start:32 | Owner started bot: Артём Кужбалов (@ArtemKuzhbalov) [ID: 304979538]
2025-09-12 20:36:30 | INFO | app.middlewares.auth:__call__:67 | Owner 304979538 accessing system
2025-09-12 20:36:32 | INFO | app.middlewares.auth:__call__:67 | Owner 304979538 accessing system
2025-09-12 20:36:37 | INFO | app.middlewares.auth:__call__:67 | Owner 304979538 accessing system
2025-09-12 20:36:39 | INFO | app.middlewares.auth:__call__:67 | Owner 304979538 accessing system
2025-09-12 20:36:41 | INFO | app.middlewares.auth:__call__:67 | Owner 304979538 accessing system
2025-09-12 20:36:44 | INFO | app.middlewares.auth:__call__:67 | Owner 304979538 accessing system
2025-09-12 20:37:41 | INFO | app.middlewares.auth:__call__:67 | Owner 304979538 accessing system
2025-09-12 20:37:43 | INFO | app.middlewares.auth:__call__:67 | Owner 304979538 accessing system
2025-09-12 20:37:45 | INFO | app.middlewares.auth:__call__:67 | Owner 304979538 accessing system
2025-09-12 20:37:51 | INFO | app.middlewares.auth:__call__:67 | Owner 304979538 accessing system
2025-09-12 20:37:53 | INFO | app.middlewares.auth:__call__:67 | Owner 304979538 accessing system
2025-09-12 20:37:55 | INFO | app.middlewares.auth:__call__:67 | Owner 304979538 accessing system
2025-09-12 20:38:00 | INFO | app.middlewares.auth:__call__:67 | Owner 304979538 accessing system
2025-09-12 20:38:03 | INFO | app.middlewares.auth:__call__:67 | Owner 304979538 accessing system
2025-09-12 20:38:06 | INFO | app.middlewares.auth:__call__:67 | Owner 304979538 accessing system
2025-09-12 20:38:16 | INFO | app.middlewares.auth:__call__:67 | Owner 304979538 accessing system
2025-09-12 20:38:18 | INFO | app.middlewares.auth:__call__:67 | Owner 304979538 accessing system
2025-09-12 20:55:27 | INFO | app.middlewares.auth:__call__:67 | Owner 304979538 accessing system
2025-09-12 20:55:31 | INFO | app.middlewares.auth:__call__:67 | Owner 304979538 accessing system
2025-09-12 20:55:33 | INFO | app.middlewares.auth:__call__:67 | Owner 304979538 accessing system
2025-09-12 20:55:37 | INFO | app.middlewares.auth:__call__:67 | Owner 304979538 accessing system
2025-09-12 20:57:29 | WARNING | app.handlers.common:cmd_start:70 | Unauthorized user started bot: Кристина (@Chris_krieger) [ID: 302944299]
2025-09-12 20:57:35 | INFO | app.middlewares.auth:__call__:67 | Owner 304979538 accessing system
2025-09-12 20:57:40 | INFO | app.middlewares.auth:__call__:67 | Owner 304979538 accessing system
2025-09-12 20:57:41 | INFO | app.handlers.admin_masters:process_master_salon:190 | New master created: Кристина (ID: 302944299) for salon Бьюти
2025-09-12 20:57:54 | INFO | app.middlewares.auth:__call__:69 | Master 302944299 (Кристина) accessing system
2025-09-12 20:57:54 | INFO | app.handlers.common:cmd_start:53 | Master started bot: Кристина (@Chris_krieger) [ID: 302944299]
2025-09-12 20:58:11 | INFO | app.middlewares.auth:__call__:69 | Master 302944299 (Кристина) accessing system
2025-09-12 20:58:14 | INFO | app.middlewares.auth:__call__:69 | Master 302944299 (Кристина) accessing system
2025-09-12 20:58:23 | INFO | app.middlewares.auth:__call__:69 | Master 302944299 (Кристина) accessing system
2025-09-12 20:58:25 | INFO | app.middlewares.auth:__call__:69 | Master 302944299 (Кристина) accessing system
2025-09-12 20:58:35 | INFO | app.middlewares.auth:__call__:69 | Master 302944299 (Кристина) accessing system
2025-09-12 20:58:47 | INFO | app.middlewares.auth:__call__:69 | Master 302944299 (Кристина) accessing system
2025-09-12 20:58:47 | INFO | app.handlers.master:process_first_hand_photo:281 | Processing photo for analysis 38
2025-09-12 20:58:47 | INFO | app.handlers.master:process_first_hand_photo:282 | Photos before: []
2025-09-12 20:58:47 | INFO | app.handlers.master:process_first_hand_photo:298 | Photos after commit: ['AgACAgIAAxkBAAIBzmjEQzhTLNY6Wy0DtPXShHzahRX6AAKV_DEb9n4gSmcUNkszhKyBAQADAgADeQADNgQ']
2025-09-12 20:58:47 | INFO | app.handlers.master:process_first_hand_photo:299 | Final count: 1
2025-09-12 20:58:51 | INFO | app.middlewares.auth:__call__:69 | Master 302944299 (Кристина) accessing system
2025-09-12 20:58:55 | INFO | app.middlewares.auth:__call__:69 | Master 302944299 (Кристина) accessing system
2025-09-12 20:59:05 | INFO | app.middlewares.auth:__call__:69 | Master 302944299 (Кристина) accessing system
2025-09-12 20:59:09 | INFO | app.middlewares.auth:__call__:69 | Master 302944299 (Кристина) accessing system
2025-09-12 20:59:29 | INFO | app.middlewares.auth:__call__:69 | Master 302944299 (Кристина) accessing system
2025-09-12 20:59:33 | INFO | app.middlewares.auth:__call__:69 | Master 302944299 (Кристина) accessing system
2025-09-12 20:59:36 | INFO | app.middlewares.auth:__call__:69 | Master 302944299 (Кристина) accessing system
2025-09-12 20:59:50 | INFO | app.middlewares.auth:__call__:69 | Master 302944299 (Кристина) accessing system
2025-09-12 20:59:50 | INFO | app.handlers.master:accept_results:947 | Analysis 38 completed successfully by master Кристина
2025-09-12 20:59:56 | INFO | app.middlewares.auth:__call__:69 | Master 302944299 (Кристина) accessing system
2025-09-12 21:00:00 | INFO | app.middlewares.auth:__call__:69 | Master 302944299 (Кристина) accessing system
2025-09-12 21:04:24 | INFO | app.middlewares.auth:__call__:67 | Owner 304979538 accessing system
2025-09-12 21:04:26 | INFO | app.middlewares.auth:__call__:67 | Owner 304979538 accessing system
2025-09-12 21:04:36 | INFO | app.middlewares.auth:__call__:67 | Owner 304979538 accessing system
2025-09-12 21:04:37 | INFO | app.middlewares.auth:__call__:67 | Owner 304979538 accessing system
2025-09-12 21:04:41 | INFO | app.middlewares.auth:__call__:67 | Owner 304979538 accessing system
2025-09-12 21:04:48 | INFO | app.middlewares.auth:__call__:67 | Owner 304979538 accessing system
2025-09-12 21:04:50 | INFO | app.middlewares.auth:__call__:67 | Owner 304979538 accessing system
2025-09-12 21:04:52 | INFO | app.middlewares.auth:__call__:67 | Owner 304979538 accessing system
2025-09-12 21:04:55 | INFO | app.middlewares.auth:__call__:67 | Owner 304979538 accessing system
2025-09-12 21:04:56 | INFO | app.middlewares.auth:__call__:67 | Owner 304979538 accessing system
2025-09-12 21:04:58 | INFO | app.middlewares.auth:__call__:67 | Owner 304979538 accessing system
2025-09-12 21:05:00 | INFO | app.middlewares.auth:__call__:67 | Owner 304979538 accessing system
2025-09-12 21:05:03 | INFO | app.middlewares.auth:__call__:67 | Owner 304979538 accessing system
2025-09-12 21:05:04 | INFO | app.middlewares.auth:__call__:67 | Owner 304979538 accessing system
2025-09-12 21:08:17 | INFO | app.middlewares.auth:__call__:67 | Owner 304979538 accessing system
2025-09-12 21:08:24 | INFO | app.middlewares.auth:__call__:67 | Owner 304979538 accessing system
2025-09-12 21:08:27 | INFO | app.middlewares.auth:__call__:67 | Owner 304979538 accessing system
2025-09-12 21:08:29 | INFO | app.middlewares.auth:__call__:67 | Owner 304979538 accessing system
2025-09-12 21:08:33 | INFO | app.middlewares.auth:__call__:67 | Owner 304979538 accessing system
2025-09-12 21:08:39 | INFO | app.middlewares.auth:__call__:67 | Owner 304979538 accessing system
2025-09-12 21:08:39 | INFO | app.handlers.admin_salons:process_quota_amount:738 | Quota refilled for salon Бьюти: +10 (total: 20)
2025-09-12 21:08:47 | INFO | app.middlewares.auth:__call__:67 | Owner 304979538 accessing system
2025-09-12 21:08:52 | INFO | app.middlewares.auth:__call__:67 | Owner 304979538 accessing system
2025-09-12 21:08:55 | INFO | app.middlewares.auth:__call__:67 | Owner 304979538 accessing system
2025-09-12 21:09:05 | INFO | app.middlewares.auth:__call__:67 | Owner 304979538 accessing system
2025-09-12 21:09:08 | INFO | app.middlewares.auth:__call__:67 | Owner 304979538 accessing system
2025-09-12 21:09:11 | INFO | app.middlewares.auth:__call__:67 | Owner 304979538 accessing system
2025-09-12 21:09:12 | INFO | app.middlewares.auth:__call__:67 | Owner 304979538 accessing system
2025-09-12 21:09:14 | INFO | app.middlewares.auth:__call__:67 | Owner 304979538 accessing system
2025-09-12 21:09:16 | INFO | app.middlewares.auth:__call__:67 | Owner 304979538 accessing system
2025-09-12 21:09:19 | INFO | app.middlewares.auth:__call__:67 | Owner 304979538 accessing system
2025-09-12 21:09:28 | INFO | app.middlewares.auth:__call__:67 | Owner 304979538 accessing system
2025-09-12 21:09:30 | INFO | app.middlewares.auth:__call__:67 | Owner 304979538 accessing system
2025-09-12 21:09:33 | INFO | app.middlewares.auth:__call__:67 | Owner 304979538 accessing system
2025-09-12 21:09:35 | INFO | app.middlewares.auth:__call__:67 | Owner 304979538 accessing system
2025-09-12 21:09:41 | INFO | app.middlewares.auth:__call__:67 | Owner 304979538 accessing system
2025-09-12 21:09:43 | INFO | app.middlewares.auth:__call__:67 | Owner 304979538 accessing system
2025-09-12 21:09:45 | INFO | app.middlewares.auth:__call__:67 | Owner 304979538 accessing system
2025-09-12 21:09:46 | INFO | app.middlewares.auth:__call__:67 | Owner 304979538 accessing system
2025-09-12 21:09:48 | INFO | app.middlewares.auth:__call__:67 | Owner 304979538 accessing system
2025-09-12 21:10:02 | INFO | app.middlewares.auth:__call__:67 | Owner 304979538 accessing system
2025-09-12 21:10:06 | INFO | app.middlewares.auth:__call__:67 | Owner 304979538 accessing system
2025-09-12 21:10:06 | ERROR | app.middlewares.auth:__call__:76 | Auth middleware error: invalid literal for int() with base 10: 'quota'
2025-09-12 21:10:11 | INFO | app.middlewares.auth:__call__:67 | Owner 304979538 accessing system
2025-09-12 21:10:14 | INFO | app.middlewares.auth:__call__:67 | Owner 304979538 accessing system
2025-09-12 21:10:15 | INFO | app.middlewares.auth:__call__:67 | Owner 304979538 accessing system
2025-09-12 21:10:24 | INFO | app.middlewares.auth:__call__:67 | Owner 304979538 accessing system
2025-09-12 21:10:25 | INFO | app.middlewares.auth:__call__:67 | Owner 304979538 accessing system
2025-09-12 21:10:28 | INFO | app.middlewares.auth:__call__:67 | Owner 304979538 accessing system
2025-09-12 21:10:29 | INFO | app.middlewares.auth:__call__:67 | Owner 304979538 accessing system
2025-09-12 21:10:31 | INFO | app.middlewares.auth:__call__:67 | Owner 304979538 accessing system
2025-09-12 21:10:33 | INFO | app.middlewares.auth:__call__:67 | Owner 304979538 accessing system
2025-09-12 21:10:36 | INFO | app.middlewares.auth:__call__:67 | Owner 304979538 accessing system
2025-09-12 21:10:38 | INFO | app.middlewares.auth:__call__:67 | Owner 304979538 accessing system
2025-09-12 21:10:53 | INFO | app.middlewares.auth:__call__:67 | Owner 304979538 accessing system
2025-09-12 21:10:55 | INFO | app.middlewares.auth:__call__:67 | Owner 304979538 accessing system
2025-09-12 21:10:55 | ERROR | app.middlewares.auth:__call__:76 | Auth middleware error: Telegram server says - Flood control exceeded on method 'EditMessageText' in chat 304979538. Retry in 5 seconds.
Original description: Too Many Requests: retry after 5
(background on this error at: https://core.telegram.org/bots/faq#my-bot-is-hitting-limits-how-do-i-avoid-this)
2025-09-12 21:10:55 | ERROR | app.middlewares.auth:__call__:164 | Database error in middleware: Telegram server says - Flood control exceeded on method 'AnswerCallbackQuery'. Retry in 5 seconds.
Original description: Too Many Requests: retry after 5
(background on this error at: https://core.telegram.org/bots/faq#my-bot-is-hitting-limits-how-do-i-avoid-this)
2025-09-12 21:10:55 | ERROR | app.middlewares.auth:__call__:202 | Handler error for user 304979538: Telegram server says - Flood control exceeded on method 'AnswerCallbackQuery'. Retry in 5 seconds.
Original description: Too Many Requests: retry after 5
(background on this error at: https://core.telegram.org/bots/faq#my-bot-is-hitting-limits-how-do-i-avoid-this)
2025-09-12 21:11:16 | INFO | app.middlewares.auth:__call__:67 | Owner 304979538 accessing system
2025-09-12 21:12:26 | INFO | app.middlewares.auth:__call__:67 | Owner 304979538 accessing system
2025-09-12 21:12:28 | INFO | app.middlewares.auth:__call__:67 | Owner 304979538 accessing system
2025-09-12 21:12:33 | INFO | app.middlewares.auth:__call__:67 | Owner 304979538 accessing system
2025-09-12 21:12:34 | INFO | app.middlewares.auth:__call__:67 | Owner 304979538 accessing system
2025-09-12 21:12:37 | INFO | app.middlewares.auth:__call__:67 | Owner 304979538 accessing system
2025-09-12 21:12:39 | INFO | app.middlewares.auth:__call__:67 | Owner 304979538 accessing system
2025-09-12 21:12:40 | INFO | app.middlewares.auth:__call__:67 | Owner 304979538 accessing system
2025-09-12 21:12:42 | INFO | app.middlewares.auth:__call__:67 | Owner 304979538 accessing system
2025-09-12 21:12:45 | INFO | app.middlewares.auth:__call__:67 | Owner 304979538 accessing system
2025-09-12 21:16:13 | INFO | app.middlewares.auth:__call__:67 | Owner 304979538 accessing system
2025-09-12 21:16:13 | INFO | app.middlewares.auth:__call__:67 | Owner 304979538 accessing system
2025-09-12 21:16:16 | INFO | app.middlewares.auth:__call__:67 | Owner 304979538 accessing system
2025-09-12 21:16:20 | INFO | app.middlewares.auth:__call__:67 | Owner 304979538 accessing system
2025-09-12 21:16:20 | INFO | app.handlers.admin_salons:process_quota_amount:738 | Quota refilled for salon Бьюти: +10 (total: 30)
2025-09-12 21:20:25 | INFO | app.middlewares.auth:__call__:67 | Owner 304979538 accessing system
2025-09-12 21:20:26 | INFO | app.middlewares.auth:__call__:67 | Owner 304979538 accessing system
2025-09-12 21:20:35 | INFO | app.middlewares.auth:__call__:67 | Owner 304979538 accessing system
2025-09-12 21:20:37 | INFO | app.middlewares.auth:__call__:67 | Owner 304979538 accessing system
2025-09-12 21:20:38 | INFO | app.middlewares.auth:__call__:67 | Owner 304979538 accessing system
2025-09-12 21:20:42 | INFO | app.middlewares.auth:__call__:67 | Owner 304979538 accessing system
2025-09-12 21:20:47 | INFO | app.middlewares.auth:__call__:67 | Owner 304979538 accessing system
2025-09-12 21:20:51 | INFO | app.middlewares.auth:__call__:67 | Owner 304979538 accessing system
2025-09-12 21:20:53 | INFO | app.middlewares.auth:__call__:67 | Owner 304979538 accessing system
2025-09-12 21:20:54 | INFO | app.middlewares.auth:__call__:67 | Owner 304979538 accessing system
2025-09-12 21:20:56 | INFO | app.middlewares.auth:__call__:67 | Owner 304979538 accessing system
2025-09-12 21:20:57 | INFO | app.middlewares.auth:__call__:67 | Owner 304979538 accessing system
2025-09-12 21:20:57 | INFO | app.middlewares.auth:__call__:67 | Owner 304979538 accessing system
2025-09-12 21:20:58 | INFO | app.middlewares.auth:__call__:67 | Owner 304979538 accessing system
2025-09-12 21:21:05 | INFO | app.middlewares.auth:__call__:67 | Owner 304979538 accessing system
2025-09-12 21:21:07 | INFO | app.middlewares.auth:__call__:67 | Owner 304979538 accessing system
2025-09-12 21:21:09 | INFO | app.middlewares.auth:__call__:67 | Owner 304979538 accessing system
2025-09-12 21:21:10 | INFO | app.middlewares.auth:__call__:67 | Owner 304979538 accessing system
2025-09-12 21:21:17 | INFO | app.middlewares.auth:__call__:67 | Owner 304979538 accessing system
2025-09-12 21:21:19 | INFO | app.middlewares.auth:__call__:67 | Owner 304979538 accessing system
2025-09-12 21:21:35 | INFO | app.middlewares.auth:__call__:67 | Owner 304979538 accessing system
2025-09-12 21:21:37 | INFO | app.middlewares.auth:__call__:67 | Owner 304979538 accessing system
2025-09-12 21:21:38 | INFO | app.middlewares.auth:__call__:67 | Owner 304979538 accessing system
2025-09-12 21:21:42 | INFO | app.middlewares.auth:__call__:67 | Owner 304979538 accessing system
2025-09-12 21:21:43 | INFO | app.middlewares.auth:__call__:67 | Owner 304979538 accessing system
2025-09-12 21:21:46 | INFO | app.middlewares.auth:__call__:67 | Owner 304979538 accessing system
2025-09-12 21:21:47 | INFO | app.middlewares.auth:__call__:67 | Owner 304979538 accessing system
2025-09-12 21:21:53 | INFO | app.middlewares.auth:__call__:67 | Owner 304979538 accessing system
2025-09-12 21:21:53 | INFO | app.handlers.admin_salons:process_quota_amount:738 | Quota refilled for salon Бьюти: +1 (total: 31)
2025-09-12 21:22:03 | INFO | app.middlewares.auth:__call__:67 | Owner 304979538 accessing system
2025-09-12 21:22:04 | INFO | app.middlewares.auth:__call__:67 | Owner 304979538 accessing system
2025-09-12 21:22:05 | INFO | app.middlewares.auth:__call__:67 | Owner 304979538 accessing system
2025-09-12 21:22:08 | INFO | app.middlewares.auth:__call__:67 | Owner 304979538 accessing system
2025-09-12 21:22:10 | INFO | app.middlewares.auth:__call__:67 | Owner 304979538 accessing system
2025-09-12 21:22:10 | ERROR | app.middlewares.auth:__call__:76 | Auth middleware error: invalid literal for int() with base 10: 'quota'
2025-09-12 21:22:13 | INFO | app.middlewares.auth:__call__:67 | Owner 304979538 accessing system
2025-09-12 21:22:13 | INFO | app.middlewares.auth:__call__:67 | Owner 304979538 accessing system
2025-09-12 21:32:35 | INFO | app.middlewares.auth:__call__:67 | Owner 304979538 accessing system
2025-09-12 21:32:38 | INFO | app.middlewares.auth:__call__:67 | Owner 304979538 accessing system
2025-09-12 21:32:40 | INFO | app.middlewares.auth:__call__:67 | Owner 304979538 accessing system
2025-09-12 21:33:03 | INFO | app.middlewares.auth:__call__:67 | Owner 304979538 accessing system
2025-09-12 21:33:05 | INFO | app.middlewares.auth:__call__:67 | Owner 304979538 accessing system
2025-09-12 21:38:29 | INFO | app.middlewares.auth:__call__:69 | Master 302944299 (Кристина) accessing system
2025-09-12 21:38:31 | INFO | app.middlewares.auth:__call__:69 | Master 302944299 (Кристина) accessing system
2025-09-12 21:38:44 | INFO | app.middlewares.auth:__call__:69 | Master 302944299 (Кристина) accessing system
2025-09-12 21:38:46 | INFO | app.middlewares.auth:__call__:69 | Master 302944299 (Кристина) accessing system
2025-09-12 21:40:01 | INFO | app.middlewares.auth:__call__:69 | Master 302944299 (Кристина) accessing system
2025-09-12 21:40:17 | INFO | app.middlewares.auth:__call__:69 | Master 302944299 (Кристина) accessing system
2025-09-12 21:40:36 | INFO | app.middlewares.auth:__call__:69 | Master 302944299 (Кристина) accessing system
2025-09-12 21:40:36 | INFO | app.handlers.master:process_first_hand_photo:281 | Processing photo for analysis 41
2025-09-12 21:40:36 | INFO | app.handlers.master:process_first_hand_photo:282 | Photos before: []
2025-09-12 21:40:36 | INFO | app.handlers.master:process_first_hand_photo:298 | Photos after commit: ['AgACAgIAAxkBAAICJWjETQQK3V4zXEDAHa-oTQSqucEnAAIG_TEb9n4gSoKF8md3YE81AQADAgADeQADNgQ']
2025-09-12 21:40:36 | INFO | app.handlers.master:process_first_hand_photo:299 | Final count: 1
2025-09-12 21:40:46 | INFO | app.middlewares.auth:__call__:69 | Master 302944299 (Кристина) accessing system
2025-09-12 21:40:49 | INFO | app.middlewares.auth:__call__:69 | Master 302944299 (Кристина) accessing system
2025-09-12 21:41:00 | INFO | app.middlewares.auth:__call__:69 | Master 302944299 (Кристина) accessing system
2025-09-12 21:41:08 | INFO | app.middlewares.auth:__call__:69 | Master 302944299 (Кристина) accessing system
2025-09-12 21:41:13 | INFO | app.middlewares.auth:__call__:69 | Master 302944299 (Кристина) accessing system
2025-09-12 21:41:13 | INFO | app.middlewares.auth:__call__:69 | Master 302944299 (Кристина) accessing system
2025-09-12 21:41:13 | INFO | app.middlewares.auth:__call__:69 | Master 302944299 (Кристина) accessing system
2025-09-12 21:41:31 | INFO | app.middlewares.auth:__call__:69 | Master 302944299 (Кристина) accessing system
2025-09-12 21:41:46 | INFO | app.middlewares.auth:__call__:69 | Master 302944299 (Кристина) accessing system
2025-09-12 21:41:51 | INFO | app.middlewares.auth:__call__:69 | Master 302944299 (Кристина) accessing system
2025-09-12 21:45:08 | INFO | app.middlewares.auth:__call__:69 | Master 302944299 (Кристина) accessing system
2025-09-12 21:45:20 | INFO | app.middlewares.auth:__call__:69 | Master 302944299 (Кристина) accessing system
2025-09-12 21:45:22 | INFO | app.middlewares.auth:__call__:69 | Master 302944299 (Кристина) accessing system
2025-09-12 21:45:24 | INFO | app.middlewares.auth:__call__:69 | Master 302944299 (Кристина) accessing system
2025-09-12 21:45:34 | INFO | app.middlewares.auth:__call__:69 | Master 302944299 (Кристина) accessing system
2025-09-12 21:45:35 | INFO | app.handlers.master:process_dispute:1035 | Analysis 41 disputed by master
2025-09-12 21:45:55 | INFO | app.middlewares.auth:__call__:69 | Master 302944299 (Кристина) accessing system
2025-09-12 21:45:56 | INFO | app.middlewares.auth:__call__:69 | Master 302944299 (Кристина) accessing system
2025-09-12 21:47:38 | INFO | app.middlewares.auth:__call__:69 | Master 302944299 (Кристина) accessing system
2025-09-12 21:48:04 | INFO | app.middlewares.auth:__call__:69 | Master 302944299 (Кристина) accessing system
2025-09-12 21:48:06 | INFO | app.middlewares.auth:__call__:69 | Master 302944299 (Кристина) accessing system
2025-09-12 21:48:23 | INFO | app.middlewares.auth:__call__:69 | Master 302944299 (Кристина) accessing system
2025-09-12 21:48:23 | INFO | app.middlewares.auth:__call__:69 | Master 302944299 (Кристина) accessing system
2025-09-12 21:48:23 | INFO | app.handlers.master:process_first_hand_photo:281 | Processing photo for analysis 43
2025-09-12 21:48:23 | INFO | app.handlers.master:process_first_hand_photo:282 | Photos before: []
2025-09-12 21:48:23 | INFO | app.handlers.master:process_first_hand_photo:281 | Processing photo for analysis 43
2025-09-12 21:48:23 | INFO | app.handlers.master:process_first_hand_photo:282 | Photos before: []
2025-09-12 21:48:23 | INFO | app.handlers.master:process_first_hand_photo:298 | Photos after commit: ['AgACAgIAAxkBAAICP2jETtiDMfE_g0qupKToYICCpLcVAAIk_TEb9n4gSmHAR7zn30jOAQADAgADeAADNgQ']
2025-09-12 21:48:23 | INFO | app.handlers.master:process_first_hand_photo:299 | Final count: 1
2025-09-12 21:48:23 | INFO | app.handlers.master:process_first_hand_photo:298 | Photos after commit: ['AgACAgIAAxkBAAICP2jETtiDMfE_g0qupKToYICCpLcVAAIk_TEb9n4gSmHAR7zn30jOAQADAgADeAADNgQ']
2025-09-12 21:48:23 | INFO | app.handlers.master:process_first_hand_photo:299 | Final count: 1
2025-09-12 21:49:21 | INFO | app.middlewares.auth:__call__:69 | Master 302944299 (Кристина) accessing system
2025-09-12 21:49:28 | INFO | app.middlewares.auth:__call__:69 | Master 302944299 (Кристина) accessing system
2025-09-12 21:49:31 | INFO | app.middlewares.auth:__call__:69 | Master 302944299 (Кристина) accessing system
2025-09-12 21:49:33 | INFO | app.middlewares.auth:__call__:69 | Master 302944299 (Кристина) accessing system
2025-09-12 21:49:43 | INFO | app.middlewares.auth:__call__:69 | Master 302944299 (Кристина) accessing system
2025-09-12 21:49:48 | INFO | app.middlewares.auth:__call__:69 | Master 302944299 (Кристина) accessing system
2025-09-12 21:49:57 | INFO | app.middlewares.auth:__call__:69 | Master 302944299 (Кристина) accessing system
2025-09-12 21:50:03 | INFO | app.middlewares.auth:__call__:69 | Master 302944299 (Кристина) accessing system
2025-09-12 21:50:05 | INFO | app.middlewares.auth:__call__:69 | Master 302944299 (Кристина) accessing system
2025-09-12 21:52:48 | INFO | app.middlewares.auth:__call__:69 | Master 302944299 (Кристина) accessing system
2025-09-12 21:52:49 | INFO | app.handlers.master:accept_results:947 | Analysis 43 completed successfully by master Кристина
2025-09-12 21:52:51 | INFO | app.middlewares.auth:__call__:69 | Master 302944299 (Кристина) accessing system
2025-09-12 21:52:52 | INFO | app.middlewares.auth:__call__:69 | Master 302944299 (Кристина) accessing system
2025-09-12 21:52:55 | INFO | app.middlewares.auth:__call__:69 | Master 302944299 (Кристина) accessing system
2025-09-12 21:52:59 | INFO | app.middlewares.auth:__call__:69 | Master 302944299 (Кристина) accessing system
2025-09-12 21:52:59 | INFO | app.handlers.master:process_first_hand_photo:281 | Processing photo for analysis 44
2025-09-12 21:52:59 | INFO | app.handlers.master:process_first_hand_photo:282 | Photos before: []
2025-09-12 21:52:59 | INFO | app.handlers.master:process_first_hand_photo:298 | Photos after commit: ['AgACAgIAAxkBAAICUWjET-xkbTtSefXwh4R_uoYDnVm6AAIv_TEb9n4gSjqDr3LUBStYAQADAgADeAADNgQ']
2025-09-12 21:52:59 | INFO | app.handlers.master:process_first_hand_photo:299 | Final count: 1
2025-09-12 21:53:01 | INFO | app.middlewares.auth:__call__:69 | Master 302944299 (Кристина) accessing system
2025-09-12 21:53:04 | INFO | app.middlewares.auth:__call__:69 | Master 302944299 (Кристина) accessing system
2025-09-12 21:53:06 | INFO | app.middlewares.auth:__call__:69 | Master 302944299 (Кристина) accessing system
2025-09-12 21:53:13 | INFO | app.middlewares.auth:__call__:69 | Master 302944299 (Кристина) accessing system
2025-09-12 21:57:37 | INFO | app.middlewares.auth:__call__:69 | Master 302944299 (Кристина) accessing system
2025-09-12 21:57:40 | INFO | app.middlewares.auth:__call__:69 | Master 302944299 (Кристина) accessing system
2025-09-12 21:59:30 | INFO | app.middlewares.auth:__call__:69 | Master 302944299 (Кристина) accessing system
2025-09-12 21:59:30 | INFO | app.handlers.master:accept_results:947 | Analysis 44 completed successfully by master Кристина
2025-09-12 21:59:32 | INFO | app.middlewares.auth:__call__:69 | Master 302944299 (Кристина) accessing system
2025-09-12 21:59:36 | INFO | app.middlewares.auth:__call__:69 | Master 302944299 (Кристина) accessing system
2025-09-12 21:59:50 | INFO | app.middlewares.auth:__call__:69 | Master 302944299 (Кристина) accessing system
2025-09-13 00:33:26 | INFO | __main__:main:82 | Bot stopped
