2025-09-11 20:36:19 | INFO | __main__:main:82 | Bot stopped
2025-09-11 20:36:21 | INFO | __main__:main:36 | Starting Hair Analysis Bot...
2025-09-11 20:36:21 | INFO | __main__:main:60 | Bot configuration complete
2025-09-11 20:36:21 | INFO | __main__:main:65 | Database connection successful
2025-09-11 20:36:22 | INFO | __main__:main:70 | Bot started: @ai_mentor_BBB_bot
2025-09-11 20:37:21 | INFO | app.middlewares.auth:__call__:69 | Master 740984254 (Алишер) accessing system
2025-09-11 20:37:23 | INFO | app.middlewares.auth:__call__:69 | Master 740984254 (Алишер) accessing system
2025-09-11 20:37:25 | INFO | app.middlewares.auth:__call__:69 | Master 740984254 (Алишер) accessing system
2025-09-11 20:37:40 | INFO | app.middlewares.auth:__call__:69 | Master 740984254 (Алишер) accessing system
2025-09-11 20:37:41 | INFO | app.middlewares.auth:__call__:69 | Master 740984254 (Алишер) accessing system
2025-09-11 20:37:45 | INFO | app.middlewares.auth:__call__:69 | Master 740984254 (Алишер) accessing system
2025-09-11 20:37:47 | INFO | app.middlewares.auth:__call__:69 | Master 740984254 (Алишер) accessing system
2025-09-11 20:37:57 | INFO | app.middlewares.auth:__call__:69 | Master 740984254 (Алишер) accessing system
2025-09-11 20:38:00 | INFO | app.middlewares.auth:__call__:69 | Master 740984254 (Алишер) accessing system
2025-09-11 20:38:07 | INFO | app.middlewares.auth:__call__:69 | Master 740984254 (Алишер) accessing system
2025-09-11 20:38:10 | INFO | app.middlewares.auth:__call__:69 | Master 740984254 (Алишер) accessing system
2025-09-11 20:38:23 | INFO | app.middlewares.auth:__call__:69 | Master 740984254 (Алишер) accessing system
2025-09-11 20:38:26 | INFO | app.middlewares.auth:__call__:69 | Master 740984254 (Алишер) accessing system
2025-09-11 20:38:39 | INFO | app.middlewares.auth:__call__:69 | Master 740984254 (Алишер) accessing system
2025-09-11 20:38:46 | INFO | app.middlewares.auth:__call__:69 | Master 740984254 (Алишер) accessing system
2025-09-11 20:38:48 | INFO | app.middlewares.auth:__call__:69 | Master 740984254 (Алишер) accessing system
2025-09-11 20:38:53 | INFO | app.middlewares.auth:__call__:69 | Master 740984254 (Алишер) accessing system
2025-09-11 20:38:58 | INFO | app.middlewares.auth:__call__:69 | Master 740984254 (Алишер) accessing system
2025-09-11 20:38:58 | INFO | app.handlers.master:process_dispute:958 | Analysis 28 disputed by master
2025-09-11 20:39:03 | INFO | app.middlewares.auth:__call__:69 | Master 740984254 (Алишер) accessing system
2025-09-11 20:39:07 | INFO | app.middlewares.auth:__call__:69 | Master 740984254 (Алишер) accessing system
2025-09-11 20:39:08 | INFO | app.middlewares.auth:__call__:69 | Master 740984254 (Алишер) accessing system
2025-09-11 20:39:16 | INFO | app.middlewares.auth:__call__:69 | Master 740984254 (Алишер) accessing system
2025-09-11 20:39:22 | INFO | app.middlewares.auth:__call__:69 | Master 740984254 (Алишер) accessing system
2025-09-11 20:39:33 | INFO | app.middlewares.auth:__call__:69 | Master 740984254 (Алишер) accessing system
2025-09-11 20:39:35 | INFO | app.middlewares.auth:__call__:69 | Master 740984254 (Алишер) accessing system
2025-09-11 20:39:44 | INFO | app.middlewares.auth:__call__:69 | Master 740984254 (Алишер) accessing system
2025-09-11 20:39:50 | INFO | app.middlewares.auth:__call__:69 | Master 740984254 (Алишер) accessing system
2025-09-11 20:39:54 | INFO | app.middlewares.auth:__call__:69 | Master 740984254 (Алишер) accessing system
2025-09-11 20:40:06 | INFO | app.middlewares.auth:__call__:69 | Master 740984254 (Алишер) accessing system
2025-09-11 20:40:08 | INFO | app.middlewares.auth:__call__:69 | Master 740984254 (Алишер) accessing system
2025-09-11 20:40:18 | INFO | app.middlewares.auth:__call__:69 | Master 740984254 (Алишер) accessing system
2025-09-11 20:40:18 | INFO | app.handlers.master:accept_results:871 | Analysis 29 completed successfully by master Алишер
2025-09-11 20:41:20 | INFO | app.middlewares.auth:__call__:69 | Master 740984254 (Алишер) accessing system
2025-09-11 20:41:21 | INFO | app.middlewares.auth:__call__:69 | Master 740984254 (Алишер) accessing system
2025-09-11 20:41:30 | INFO | app.middlewares.auth:__call__:69 | Master 740984254 (Алишер) accessing system
2025-09-11 20:41:32 | INFO | app.middlewares.auth:__call__:69 | Master 740984254 (Алишер) accessing system
2025-09-11 20:41:40 | INFO | app.middlewares.auth:__call__:69 | Master 740984254 (Алишер) accessing system
2025-09-11 20:41:50 | INFO | app.middlewares.auth:__call__:69 | Master 740984254 (Алишер) accessing system
2025-09-11 20:45:54 | INFO | __main__:main:82 | Bot stopped
2025-09-11 20:45:57 | INFO | __main__:main:36 | Starting Hair Analysis Bot...
2025-09-11 20:45:57 | INFO | __main__:main:60 | Bot configuration complete
2025-09-11 20:45:57 | INFO | __main__:main:65 | Database connection successful
2025-09-11 20:45:57 | INFO | __main__:main:70 | Bot started: @ai_mentor_BBB_bot
2025-09-11 20:46:08 | INFO | app.middlewares.auth:__call__:69 | Master 740984254 (Алишер) accessing system
2025-09-11 20:46:13 | INFO | app.middlewares.auth:__call__:69 | Master 740984254 (Алишер) accessing system
2025-09-11 20:46:21 | INFO | app.middlewares.auth:__call__:69 | Master 740984254 (Алишер) accessing system
2025-09-11 20:46:21 | ERROR | app.handlers.master:process_first_hand_photo:267 | Error in process_first_hand_photo: name 'get_first_hand_simple_keyboard' is not defined
2025-09-11 20:46:32 | INFO | app.middlewares.auth:__call__:69 | Master 740984254 (Алишер) accessing system
2025-09-11 20:46:32 | ERROR | app.handlers.master:process_first_hand_photo:267 | Error in process_first_hand_photo: name 'get_first_hand_simple_keyboard' is not defined
2025-09-11 20:47:25 | INFO | __main__:main:82 | Bot stopped
2025-09-11 20:47:28 | INFO | __main__:main:36 | Starting Hair Analysis Bot...
2025-09-11 20:47:28 | INFO | __main__:main:60 | Bot configuration complete
2025-09-11 20:47:28 | INFO | __main__:main:65 | Database connection successful
2025-09-11 20:47:28 | INFO | __main__:main:70 | Bot started: @ai_mentor_BBB_bot
2025-09-11 20:47:34 | INFO | app.middlewares.auth:__call__:69 | Master 740984254 (Алишер) accessing system
2025-09-11 20:47:35 | INFO | app.middlewares.auth:__call__:69 | Master 740984254 (Алишер) accessing system
2025-09-11 20:47:42 | INFO | app.middlewares.auth:__call__:69 | Master 740984254 (Алишер) accessing system
2025-09-11 20:47:42 | ERROR | app.handlers.master:process_first_hand_photo:267 | Error in process_first_hand_photo: name 'get_first_hand_simple_keyboard' is not defined
2025-09-11 20:48:57 | INFO | __main__:main:82 | Bot stopped
2025-09-11 21:00:09 | INFO | __main__:main:36 | Starting Hair Analysis Bot...
2025-09-11 21:00:09 | INFO | __main__:main:60 | Bot configuration complete
2025-09-11 21:00:09 | INFO | __main__:main:65 | Database connection successful
2025-09-11 21:00:09 | INFO | __main__:main:70 | Bot started: @ai_mentor_BBB_bot
2025-09-11 21:00:25 | INFO | app.middlewares.auth:__call__:69 | Master 740984254 (Алишер) accessing system
2025-09-11 21:00:31 | INFO | app.middlewares.auth:__call__:69 | Master 740984254 (Алишер) accessing system
2025-09-11 21:00:39 | INFO | app.middlewares.auth:__call__:69 | Master 740984254 (Алишер) accessing system
2025-09-11 21:00:39 | INFO | app.handlers.master:process_first_hand_photo:281 | Processing photo for analysis 33
2025-09-11 21:00:39 | INFO | app.handlers.master:process_first_hand_photo:282 | Photos before: []
2025-09-11 21:00:39 | INFO | app.handlers.master:process_first_hand_photo:298 | Photos after commit: ['AgACAgIAAxkBAAIBP2jC7TSg1fdVWEE5YQeuVesyzoOaAAJf_jEb2JAYSjDvhecoYOzjAQADAgADeQADNgQ']
2025-09-11 21:00:39 | INFO | app.handlers.master:process_first_hand_photo:299 | Final count: 1
2025-09-11 21:00:42 | INFO | app.middlewares.auth:__call__:69 | Master 740984254 (Алишер) accessing system
2025-09-11 21:00:49 | INFO | app.middlewares.auth:__call__:69 | Master 740984254 (Алишер) accessing system
2025-09-11 21:00:49 | INFO | app.handlers.master:process_first_hand_photo:281 | Processing photo for analysis 33
2025-09-11 21:00:49 | INFO | app.handlers.master:process_first_hand_photo:282 | Photos before: ['AgACAgIAAxkBAAIBP2jC7TSg1fdVWEE5YQeuVesyzoOaAAJf_jEb2JAYSjDvhecoYOzjAQADAgADeQADNgQ']
2025-09-11 21:00:49 | INFO | app.handlers.master:process_first_hand_photo:298 | Photos after commit: ['AgACAgIAAxkBAAIBP2jC7TSg1fdVWEE5YQeuVesyzoOaAAJf_jEb2JAYSjDvhecoYOzjAQADAgADeQADNgQ', 'AgACAgIAAxkBAAIBMWjC7O64XY3XXVxaeBoIQUWsPbvAAAJd_jEb2JAYShK7H8ntgApjAQADAgADdwADNgQ']
2025-09-11 21:00:49 | INFO | app.handlers.master:process_first_hand_photo:299 | Final count: 2
2025-09-11 21:00:51 | INFO | app.middlewares.auth:__call__:69 | Master 740984254 (Алишер) accessing system
2025-09-11 21:00:54 | INFO | app.middlewares.auth:__call__:69 | Master 740984254 (Алишер) accessing system
2025-09-11 21:01:06 | INFO | app.middlewares.auth:__call__:69 | Master 740984254 (Алишер) accessing system
2025-09-11 21:01:12 | INFO | app.middlewares.auth:__call__:69 | Master 740984254 (Алишер) accessing system
2025-09-11 21:01:18 | INFO | app.middlewares.auth:__call__:69 | Master 740984254 (Алишер) accessing system
2025-09-11 21:01:27 | INFO | app.middlewares.auth:__call__:69 | Master 740984254 (Алишер) accessing system
2025-09-11 21:01:33 | INFO | app.middlewares.auth:__call__:69 | Master 740984254 (Алишер) accessing system
2025-09-11 21:01:40 | INFO | app.middlewares.auth:__call__:69 | Master 740984254 (Алишер) accessing system
2025-09-11 21:01:42 | INFO | app.middlewares.auth:__call__:69 | Master 740984254 (Алишер) accessing system
2025-09-11 21:01:47 | INFO | app.middlewares.auth:__call__:69 | Master 740984254 (Алишер) accessing system
2025-09-11 21:01:49 | INFO | app.middlewares.auth:__call__:69 | Master 740984254 (Алишер) accessing system
2025-09-11 21:01:51 | INFO | app.middlewares.auth:__call__:69 | Master 740984254 (Алишер) accessing system
2025-09-11 21:01:53 | INFO | app.middlewares.auth:__call__:69 | Master 740984254 (Алишер) accessing system
2025-09-11 21:01:56 | INFO | app.middlewares.auth:__call__:69 | Master 740984254 (Алишер) accessing system
2025-09-11 21:02:00 | INFO | app.middlewares.auth:__call__:69 | Master 740984254 (Алишер) accessing system
2025-09-11 21:02:01 | INFO | app.handlers.master:accept_results:947 | Analysis 33 completed successfully by master Алишер
2025-09-11 21:31:22 | INFO | app.middlewares.auth:__call__:69 | Master 1105228578 (Реалист) accessing system
2025-09-11 21:31:28 | ERROR | app.handlers.master:start_analysis:231 | Error in start_analysis: HTTP Client says - ClientConnectorError: Cannot connect to host api.telegram.org:443 ssl:default [nodename nor servname provided, or not known]
2025-09-11 21:31:28 | ERROR | app.middlewares.auth:__call__:76 | Auth middleware error: HTTP Client says - ClientConnectorError: Cannot connect to host api.telegram.org:443 ssl:default [nodename nor servname provided, or not known]
2025-09-11 21:31:28 | ERROR | app.middlewares.auth:__call__:164 | Database error in middleware: HTTP Client says - ClientConnectorError: Cannot connect to host api.telegram.org:443 ssl:default [nodename nor servname provided, or not known]
2025-09-11 21:31:28 | ERROR | app.middlewares.auth:__call__:202 | Handler error for user 1105228578: HTTP Client says - ClientConnectorError: Cannot connect to host api.telegram.org:443 ssl:default [nodename nor servname provided, or not known]
2025-09-11 21:31:28 | INFO | app.middlewares.auth:__call__:69 | Master 1105228578 (Реалист) accessing system
2025-09-11 21:31:28 | ERROR | app.handlers.master:start_analysis:231 | Error in start_analysis: HTTP Client says - ClientConnectorError: Cannot connect to host api.telegram.org:443 ssl:default [nodename nor servname provided, or not known]
2025-09-11 21:31:28 | ERROR | app.middlewares.auth:__call__:76 | Auth middleware error: HTTP Client says - ClientConnectorError: Cannot connect to host api.telegram.org:443 ssl:default [nodename nor servname provided, or not known]
2025-09-11 21:31:28 | ERROR | app.middlewares.auth:__call__:164 | Database error in middleware: HTTP Client says - ClientConnectorError: Cannot connect to host api.telegram.org:443 ssl:default [nodename nor servname provided, or not known]
2025-09-11 21:31:28 | ERROR | app.middlewares.auth:__call__:202 | Handler error for user 1105228578: HTTP Client says - ClientConnectorError: Cannot connect to host api.telegram.org:443 ssl:default [nodename nor servname provided, or not known]
2025-09-11 21:31:29 | INFO | app.middlewares.auth:__call__:69 | Master 1105228578 (Реалист) accessing system
2025-09-11 21:31:29 | ERROR | app.handlers.master:start_analysis:231 | Error in start_analysis: HTTP Client says - ClientConnectorError: Cannot connect to host api.telegram.org:443 ssl:default [nodename nor servname provided, or not known]
2025-09-11 21:31:29 | ERROR | app.middlewares.auth:__call__:76 | Auth middleware error: HTTP Client says - ClientConnectorError: Cannot connect to host api.telegram.org:443 ssl:default [nodename nor servname provided, or not known]
2025-09-11 21:31:29 | ERROR | app.middlewares.auth:__call__:164 | Database error in middleware: HTTP Client says - ClientConnectorError: Cannot connect to host api.telegram.org:443 ssl:default [nodename nor servname provided, or not known]
2025-09-11 21:31:29 | ERROR | app.middlewares.auth:__call__:202 | Handler error for user 1105228578: HTTP Client says - ClientConnectorError: Cannot connect to host api.telegram.org:443 ssl:default [nodename nor servname provided, or not known]
2025-09-11 21:32:48 | INFO | app.middlewares.auth:__call__:69 | Master 1105228578 (Реалист) accessing system
2025-09-11 21:32:48 | INFO | app.middlewares.auth:__call__:69 | Master 1105228578 (Реалист) accessing system
2025-09-11 21:32:48 | INFO | app.middlewares.auth:__call__:69 | Master 1105228578 (Реалист) accessing system
2025-09-11 21:33:05 | INFO | app.middlewares.auth:__call__:69 | Master 1105228578 (Реалист) accessing system
2025-09-11 21:33:07 | INFO | app.middlewares.auth:__call__:69 | Master 1105228578 (Реалист) accessing system
2025-09-11 21:33:25 | INFO | app.middlewares.auth:__call__:69 | Master 1105228578 (Реалист) accessing system
2025-09-11 21:33:25 | INFO | app.handlers.master:process_first_hand_photo:281 | Processing photo for analysis 37
2025-09-11 21:33:25 | INFO | app.handlers.master:process_first_hand_photo:282 | Photos before: []
2025-09-11 21:33:25 | INFO | app.handlers.master:process_first_hand_photo:298 | Photos after commit: ['AgACAgIAAxkBAAIBfWjC-dWN7hF3zkdtDTDpRHqgNihbAAKh-DEb4zwZSmmrw0Dwwg5OAQADAgADbQADNgQ']
2025-09-11 21:33:25 | INFO | app.handlers.master:process_first_hand_photo:299 | Final count: 1
2025-09-11 21:33:29 | INFO | app.middlewares.auth:__call__:69 | Master 1105228578 (Реалист) accessing system
2025-09-11 21:33:37 | INFO | app.middlewares.auth:__call__:69 | Master 1105228578 (Реалист) accessing system
2025-09-11 21:33:40 | INFO | app.middlewares.auth:__call__:69 | Master 1105228578 (Реалист) accessing system
2025-09-11 21:33:45 | INFO | app.middlewares.auth:__call__:69 | Master 1105228578 (Реалист) accessing system
2025-09-11 21:33:45 | INFO | app.handlers.master:process_first_hand_photo:281 | Processing photo for analysis 37
2025-09-11 21:33:45 | INFO | app.handlers.master:process_first_hand_photo:282 | Photos before: ['AgACAgIAAxkBAAIBfWjC-dWN7hF3zkdtDTDpRHqgNihbAAKh-DEb4zwZSmmrw0Dwwg5OAQADAgADbQADNgQ']
2025-09-11 21:33:45 | INFO | app.handlers.master:process_first_hand_photo:298 | Photos after commit: ['AgACAgIAAxkBAAIBfWjC-dWN7hF3zkdtDTDpRHqgNihbAAKh-DEb4zwZSmmrw0Dwwg5OAQADAgADbQADNgQ', 'AgACAgIAAxkBAAIBfWjC-dWN7hF3zkdtDTDpRHqgNihbAAKh-DEb4zwZSmmrw0Dwwg5OAQADAgADbQADNgQ']
2025-09-11 21:33:45 | INFO | app.handlers.master:process_first_hand_photo:299 | Final count: 2
2025-09-11 21:33:48 | INFO | app.middlewares.auth:__call__:69 | Master 1105228578 (Реалист) accessing system
2025-09-11 21:33:51 | INFO | app.middlewares.auth:__call__:69 | Master 1105228578 (Реалист) accessing system
2025-09-11 21:33:55 | INFO | app.middlewares.auth:__call__:69 | Master 1105228578 (Реалист) accessing system
2025-09-11 21:34:05 | INFO | app.middlewares.auth:__call__:69 | Master 1105228578 (Реалист) accessing system
2025-09-11 21:34:07 | INFO | app.middlewares.auth:__call__:69 | Master 1105228578 (Реалист) accessing system
2025-09-11 21:34:10 | INFO | app.middlewares.auth:__call__:69 | Master 1105228578 (Реалист) accessing system
2025-09-11 21:34:12 | INFO | app.middlewares.auth:__call__:69 | Master 1105228578 (Реалист) accessing system
2025-09-11 21:34:24 | INFO | app.middlewares.auth:__call__:69 | Master 1105228578 (Реалист) accessing system
2025-09-11 21:34:28 | INFO | app.middlewares.auth:__call__:69 | Master 1105228578 (Реалист) accessing system
2025-09-11 21:34:31 | INFO | app.middlewares.auth:__call__:69 | Master 1105228578 (Реалист) accessing system
2025-09-11 21:34:38 | INFO | app.middlewares.auth:__call__:69 | Master 1105228578 (Реалист) accessing system
2025-09-11 21:34:43 | INFO | app.middlewares.auth:__call__:69 | Master 1105228578 (Реалист) accessing system
2025-09-11 21:34:48 | INFO | app.middlewares.auth:__call__:69 | Master 1105228578 (Реалист) accessing system
2025-09-11 21:34:50 | INFO | app.middlewares.auth:__call__:69 | Master 1105228578 (Реалист) accessing system
2025-09-11 21:34:53 | INFO | app.middlewares.auth:__call__:69 | Master 1105228578 (Реалист) accessing system
2025-09-11 21:35:07 | INFO | app.middlewares.auth:__call__:69 | Master 1105228578 (Реалист) accessing system
2025-09-11 21:35:10 | INFO | app.middlewares.auth:__call__:69 | Master 1105228578 (Реалист) accessing system
2025-09-11 21:35:10 | INFO | app.handlers.master:process_dispute:1035 | Analysis 37 disputed by master
2025-09-11 21:35:17 | INFO | app.middlewares.auth:__call__:69 | Master 1105228578 (Реалист) accessing system
2025-09-12 13:25:19 | INFO | __main__:main:82 | Bot stopped
2025-09-12 13:25:25 | INFO | __main__:main:36 | Starting Hair Analysis Bot...
2025-09-12 13:25:25 | INFO | __main__:main:60 | Bot configuration complete
2025-09-12 13:25:25 | INFO | __main__:main:65 | Database connection successful
2025-09-12 13:25:26 | INFO | __main__:main:70 | Bot started: @ai_mentor_BBB_bot
2025-09-12 15:23:28 | INFO | app.middlewares.auth:__call__:69 | Master 1105228578 (Реалист) accessing system
2025-09-12 20:30:35 | WARNING | app.handlers.common:cmd_start:70 | Unauthorized user started bot: Артём Кужбалов (@ArtemKuzhbalov) [ID: 304979538]
2025-09-12 20:30:35 | WARNING | app.handlers.common:cmd_start:70 | Unauthorized user started bot: Артём Кужбалов (@ArtemKuzhbalov) [ID: 304979538]
2025-09-12 20:30:35 | WARNING | app.handlers.common:cmd_start:70 | Unauthorized user started bot: Артём Кужбалов (@ArtemKuzhbalov) [ID: 304979538]
2025-09-12 20:31:29 | INFO | __main__:main:82 | Bot stopped
2025-09-12 20:31:32 | INFO | __main__:main:36 | Starting Hair Analysis Bot...
2025-09-12 20:31:32 | INFO | __main__:main:60 | Bot configuration complete
2025-09-12 20:31:32 | INFO | __main__:main:65 | Database connection successful
2025-09-12 20:31:33 | INFO | __main__:main:70 | Bot started: @ai_mentor_BBB_bot
2025-09-12 20:34:51 | INFO | app.middlewares.auth:__call__:67 | Owner 304979538 accessing system
2025-09-12 20:34:51 | INFO | app.handlers.common:cmd_start:32 | Owner started bot: Артём Кужбалов (@ArtemKuzhbalov) [ID: 304979538]
2025-09-12 20:35:02 | INFO | app.middlewares.auth:__call__:67 | Owner 304979538 accessing system
2025-09-12 20:35:04 | INFO | app.middlewares.auth:__call__:67 | Owner 304979538 accessing system
2025-09-12 20:35:09 | INFO | app.middlewares.auth:__call__:67 | Owner 304979538 accessing system
2025-09-12 20:35:15 | INFO | app.middlewares.auth:__call__:67 | Owner 304979538 accessing system
2025-09-12 20:35:23 | INFO | app.middlewares.auth:__call__:67 | Owner 304979538 accessing system
2025-09-12 20:35:23 | INFO | app.handlers.admin_salons:process_salon_quota:170 | New salon created: Бьюти in Ярославль with quota 10
2025-09-12 20:35:29 | INFO | app.middlewares.auth:__call__:67 | Owner 304979538 accessing system
2025-09-12 20:35:32 | INFO | app.middlewares.auth:__call__:67 | Owner 304979538 accessing system
2025-09-12 20:35:38 | INFO | app.middlewares.auth:__call__:67 | Owner 304979538 accessing system
2025-09-12 20:36:09 | INFO | app.middlewares.auth:__call__:67 | Owner 304979538 accessing system
2025-09-12 20:36:18 | INFO | app.middlewares.auth:__call__:67 | Owner 304979538 accessing system
2025-09-12 20:36:18 | INFO | app.handlers.admin_masters:process_master_salon:190 | New master created: Артём (ID: 304979538) for salon Бьюти
